\BOOKMARK [0][-]{chapter.1}{\376\377\000C\000l\000a\000s\000s\000\040\000I\000n\000d\000e\000x}{}
\BOOKMARK [1][-]{section.1.1}{\376\377\000C\000l\000a\000s\000s\000\040\000L\000i\000s\000t}{chapter.1}
\BOOKMARK [0][-]{chapter.2}{\376\377\000F\000i\000l\000e\000\040\000I\000n\000d\000e\000x}{}
\BOOKMARK [1][-]{section.2.1}{\376\377\000F\000i\000l\000e\000\040\000L\000i\000s\000t}{chapter.2}
\BOOKMARK [0][-]{chapter.3}{\376\377\000C\000l\000a\000s\000s\000\040\000D\000o\000c\000u\000m\000e\000n\000t\000a\000t\000i\000o\000n}{}
\BOOKMARK [1][-]{section.3.1}{\376\377\000c\000o\000u\000r\000s\000e\000\040\000S\000t\000r\000u\000c\000t\000\040\000R\000e\000f\000e\000r\000e\000n\000c\000e}{chapter.3}
\BOOKMARK [1][-]{section.3.2}{\376\377\000d\000e\000p\000t\000\040\000S\000t\000r\000u\000c\000t\000\040\000R\000e\000f\000e\000r\000e\000n\000c\000e}{chapter.3}
\BOOKMARK [1][-]{section.3.3}{\376\377\000f\000a\000c\000n\000o\000d\000e\000\040\000S\000t\000r\000u\000c\000t\000\040\000R\000e\000f\000e\000r\000e\000n\000c\000e}{chapter.3}
\BOOKMARK [2][-]{subsection.3.3.1}{\376\377\000D\000e\000t\000a\000i\000l\000e\000d\000\040\000D\000e\000s\000c\000r\000i\000p\000t\000i\000o\000n}{section.3.3}
\BOOKMARK [2][-]{subsection.3.3.2}{\376\377\000M\000e\000m\000b\000e\000r\000\040\000D\000a\000t\000a\000\040\000D\000o\000c\000u\000m\000e\000n\000t\000a\000t\000i\000o\000n}{section.3.3}
\BOOKMARK [3][-]{subsubsection.3.3.2.1}{\376\377\000c\000o\000u\000r\000s\000e\000s}{subsection.3.3.2}
\BOOKMARK [3][-]{subsubsection.3.3.2.2}{\376\377\000d\000e\000p\000t}{subsection.3.3.2}
\BOOKMARK [3][-]{subsubsection.3.3.2.3}{\376\377\000e\000n\000t\000r\000y\000n\000o}{subsection.3.3.2}
\BOOKMARK [3][-]{subsubsection.3.3.2.4}{\376\377\000h\000o\000s\000t\000e\000l}{subsection.3.3.2}
\BOOKMARK [3][-]{subsubsection.3.3.2.5}{\376\377\000i\000n\000t\000e\000r\000e\000s\000t\000s}{subsection.3.3.2}
\BOOKMARK [3][-]{subsubsection.3.3.2.6}{\376\377\000n\000a\000m\000e}{subsection.3.3.2}
\BOOKMARK [3][-]{subsubsection.3.3.2.7}{\376\377\000s\000u\000r\000n\000a\000m\000e}{subsection.3.3.2}
\BOOKMARK [3][-]{subsubsection.3.3.2.8}{\376\377\000u\000n\000i\000v}{subsection.3.3.2}
\BOOKMARK [1][-]{section.3.4}{\376\377\000f\000a\000c\000u\000l\000t\000y\000\040\000S\000t\000r\000u\000c\000t\000\040\000R\000e\000f\000e\000r\000e\000n\000c\000e}{chapter.3}
\BOOKMARK [1][-]{section.3.5}{\376\377\000g\000r\000a\000p\000h\000\040\000C\000l\000a\000s\000s\000\040\000R\000e\000f\000e\000r\000e\000n\000c\000e}{chapter.3}
\BOOKMARK [2][-]{subsection.3.5.1}{\376\377\000D\000e\000t\000a\000i\000l\000e\000d\000\040\000D\000e\000s\000c\000r\000i\000p\000t\000i\000o\000n}{section.3.5}
\BOOKMARK [2][-]{subsection.3.5.2}{\376\377\000M\000e\000m\000b\000e\000r\000\040\000F\000u\000n\000c\000t\000i\000o\000n\000\040\000D\000o\000c\000u\000m\000e\000n\000t\000a\000t\000i\000o\000n}{section.3.5}
\BOOKMARK [3][-]{subsubsection.3.5.2.1}{\376\377\000a\000l\000r\000e\000a\000d\000y\000\137\000f\000r\000i\000e\000n\000d\000s}{subsection.3.5.2}
\BOOKMARK [3][-]{subsubsection.3.5.2.2}{\376\377\000c\000r\000e\000a\000t\000e\000\137\000e\000d\000g\000e}{subsection.3.5.2}
\BOOKMARK [3][-]{subsubsection.3.5.2.3}{\376\377\000d\000e\000l\000\137\000e\000d\000g\000e}{subsection.3.5.2}
\BOOKMARK [3][-]{subsubsection.3.5.2.4}{\376\377\000l\000i\000s\000t\000\137\000o\000f\000\137\000f\000r\000i\000e\000n\000d\000s}{subsection.3.5.2}
\BOOKMARK [3][-]{subsubsection.3.5.2.5}{\376\377\000n\000o\000\137\000o\000f\000\137\000f\000r\000i\000e\000n\000d\000s}{subsection.3.5.2}
\BOOKMARK [2][-]{subsection.3.5.3}{\376\377\000M\000e\000m\000b\000e\000r\000\040\000D\000a\000t\000a\000\040\000D\000o\000c\000u\000m\000e\000n\000t\000a\000t\000i\000o\000n}{section.3.5}
\BOOKMARK [3][-]{subsubsection.3.5.3.1}{\376\377\000n\000u\000m\000e\000d\000g\000e\000s}{subsection.3.5.3}
\BOOKMARK [3][-]{subsubsection.3.5.3.2}{\376\377\000n\000u\000m\000v\000e\000r\000t\000i\000c\000e\000s}{subsection.3.5.3}
\BOOKMARK [1][-]{section.3.6}{\376\377\000h\000o\000s\000t\000e\000l\000s\000\040\000S\000t\000r\000u\000c\000t\000\040\000R\000e\000f\000e\000r\000e\000n\000c\000e}{chapter.3}
\BOOKMARK [2][-]{subsection.3.6.1}{\376\377\000D\000e\000t\000a\000i\000l\000e\000d\000\040\000D\000e\000s\000c\000r\000i\000p\000t\000i\000o\000n}{section.3.6}
\BOOKMARK [2][-]{subsection.3.6.2}{\376\377\000M\000e\000m\000b\000e\000r\000\040\000D\000a\000t\000a\000\040\000D\000o\000c\000u\000m\000e\000n\000t\000a\000t\000i\000o\000n}{section.3.6}
\BOOKMARK [3][-]{subsubsection.3.6.2.1}{\376\377\000h\000o\000s\000t\000e\000l\000\137\000s\000t\000u\000d}{subsection.3.6.2}
\BOOKMARK [3][-]{subsubsection.3.6.2.2}{\376\377\000n\000a\000m\000e}{subsection.3.6.2}
\BOOKMARK [3][-]{subsubsection.3.6.2.3}{\376\377\000w\000e}{subsection.3.6.2}
\BOOKMARK [1][-]{section.3.7}{\376\377\000h\000o\000u\000s\000e\000s\000\040\000S\000t\000r\000u\000c\000t\000\040\000R\000e\000f\000e\000r\000e\000n\000c\000e}{chapter.3}
\BOOKMARK [2][-]{subsection.3.7.1}{\376\377\000D\000e\000t\000a\000i\000l\000e\000d\000\040\000D\000e\000s\000c\000r\000i\000p\000t\000i\000o\000n}{section.3.7}
\BOOKMARK [2][-]{subsection.3.7.2}{\376\377\000M\000e\000m\000b\000e\000r\000\040\000D\000a\000t\000a\000\040\000D\000o\000c\000u\000m\000e\000n\000t\000a\000t\000i\000o\000n}{section.3.7}
\BOOKMARK [3][-]{subsubsection.3.7.2.1}{\376\377\000f\000i\000l\000l}{subsection.3.7.2}
\BOOKMARK [3][-]{subsubsection.3.7.2.2}{\376\377\000h\000o\000u\000s\000e\000\137\000f\000a\000c}{subsection.3.7.2}
\BOOKMARK [3][-]{subsubsection.3.7.2.3}{\376\377\000n\000a\000m\000e}{subsection.3.7.2}
\BOOKMARK [1][-]{section.3.8}{\376\377\000i\000n\000t\000e\000r\000e\000s\000t\000\040\000S\000t\000r\000u\000c\000t\000\040\000R\000e\000f\000e\000r\000e\000n\000c\000e}{chapter.3}
\BOOKMARK [2][-]{subsection.3.8.1}{\376\377\000D\000e\000t\000a\000i\000l\000e\000d\000\040\000D\000e\000s\000c\000r\000i\000p\000t\000i\000o\000n}{section.3.8}
\BOOKMARK [2][-]{subsection.3.8.2}{\376\377\000M\000e\000m\000b\000e\000r\000\040\000D\000a\000t\000a\000\040\000D\000o\000c\000u\000m\000e\000n\000t\000a\000t\000i\000o\000n}{section.3.8}
\BOOKMARK [3][-]{subsubsection.3.8.2.1}{\376\377\000i\000n\000t\000e\000r\000e\000s\000t\000\137\000f\000a\000c}{subsection.3.8.2}
\BOOKMARK [3][-]{subsubsection.3.8.2.2}{\376\377\000i\000n\000t\000e\000r\000e\000s\000t\000\137\000s\000t\000u\000d}{subsection.3.8.2}
\BOOKMARK [3][-]{subsubsection.3.8.2.3}{\376\377\000n\000a\000m\000e}{subsection.3.8.2}
\BOOKMARK [1][-]{section.3.9}{\376\377\000m\000y\000m\000s\000g\000b\000u\000f\000\040\000S\000t\000r\000u\000c\000t\000\040\000R\000e\000f\000e\000r\000e\000n\000c\000e}{chapter.3}
\BOOKMARK [2][-]{subsection.3.9.1}{\376\377\000D\000e\000t\000a\000i\000l\000e\000d\000\040\000D\000e\000s\000c\000r\000i\000p\000t\000i\000o\000n}{section.3.9}
\BOOKMARK [1][-]{section.3.10}{\376\377\000p\000q\000\137\000o\000p\000e\000r\000a\000n\000d\000\040\000C\000l\000a\000s\000s\000\040\000R\000e\000f\000e\000r\000e\000n\000c\000e}{chapter.3}
\BOOKMARK [2][-]{subsection.3.10.1}{\376\377\000D\000e\000t\000a\000i\000l\000e\000d\000\040\000D\000e\000s\000c\000r\000i\000p\000t\000i\000o\000n}{section.3.10}
\BOOKMARK [2][-]{subsection.3.10.2}{\376\377\000M\000e\000m\000b\000e\000r\000\040\000F\000u\000n\000c\000t\000i\000o\000n\000\040\000D\000o\000c\000u\000m\000e\000n\000t\000a\000t\000i\000o\000n}{section.3.10}
\BOOKMARK [3][-]{subsubsection.3.10.2.1}{\376\377\000o\000p\000e\000r\000a\000t\000o\000r\000\050\000\051}{subsection.3.10.2}
\BOOKMARK [1][-]{section.3.11}{\376\377\000s\000t\000u\000d\000e\000n\000t\000\040\000S\000t\000r\000u\000c\000t\000\040\000R\000e\000f\000e\000r\000e\000n\000c\000e}{chapter.3}
\BOOKMARK [1][-]{section.3.12}{\376\377\000s\000t\000u\000d\000n\000o\000d\000e\000\040\000S\000t\000r\000u\000c\000t\000\040\000R\000e\000f\000e\000r\000e\000n\000c\000e}{chapter.3}
\BOOKMARK [2][-]{subsection.3.12.1}{\376\377\000D\000e\000t\000a\000i\000l\000e\000d\000\040\000D\000e\000s\000c\000r\000i\000p\000t\000i\000o\000n}{section.3.12}
\BOOKMARK [2][-]{subsection.3.12.2}{\376\377\000M\000e\000m\000b\000e\000r\000\040\000D\000a\000t\000a\000\040\000D\000o\000c\000u\000m\000e\000n\000t\000a\000t\000i\000o\000n}{section.3.12}
\BOOKMARK [3][-]{subsubsection.3.12.2.1}{\376\377\000b\000a\000t\000c\000h}{subsection.3.12.2}
\BOOKMARK [3][-]{subsubsection.3.12.2.2}{\376\377\000c\000o\000u\000r\000s\000e\000s}{subsection.3.12.2}
\BOOKMARK [3][-]{subsubsection.3.12.2.3}{\376\377\000d\000e\000p\000t}{subsection.3.12.2}
\BOOKMARK [3][-]{subsubsection.3.12.2.4}{\376\377\000e\000n\000t\000r\000y\000n\000o}{subsection.3.12.2}
\BOOKMARK [3][-]{subsubsection.3.12.2.5}{\376\377\000f\000l\000o\000o\000r}{subsection.3.12.2}
\BOOKMARK [3][-]{subsubsection.3.12.2.6}{\376\377\000f\000r\000i\000e\000n\000d\000s}{subsection.3.12.2}
\BOOKMARK [3][-]{subsubsection.3.12.2.7}{\376\377\000h\000o\000s\000t\000e\000l}{subsection.3.12.2}
\BOOKMARK [3][-]{subsubsection.3.12.2.8}{\376\377\000n\000a\000m\000e}{subsection.3.12.2}
\BOOKMARK [3][-]{subsubsection.3.12.2.9}{\376\377\000r\000o\000o\000m\000N\000o}{subsection.3.12.2}
\BOOKMARK [3][-]{subsubsection.3.12.2.10}{\376\377\000s\000u\000r\000n\000a\000m\000e}{subsection.3.12.2}
\BOOKMARK [3][-]{subsubsection.3.12.2.11}{\376\377\000u\000n\000i\000v}{subsection.3.12.2}
\BOOKMARK [3][-]{subsubsection.3.12.2.12}{\376\377\000y\000e\000a\000r}{subsection.3.12.2}
\BOOKMARK [1][-]{section.3.13}{\376\377\000U\000N\000I\000V\000\040\000S\000t\000r\000u\000c\000t\000\040\000R\000e\000f\000e\000r\000e\000n\000c\000e}{chapter.3}
\BOOKMARK [0][-]{chapter.4}{\376\377\000F\000i\000l\000e\000\040\000D\000o\000c\000u\000m\000e\000n\000t\000a\000t\000i\000o\000n}{}
\BOOKMARK [1][-]{section.4.1}{\376\377\000a\000n\000a\000l\000y\000s\000e\000r\000.\000h\000\040\000F\000i\000l\000e\000\040\000R\000e\000f\000e\000r\000e\000n\000c\000e}{chapter.4}
\BOOKMARK [2][-]{subsection.4.1.1}{\376\377\000D\000e\000t\000a\000i\000l\000e\000d\000\040\000D\000e\000s\000c\000r\000i\000p\000t\000i\000o\000n}{section.4.1}
\BOOKMARK [1][-]{section.4.2}{\376\377\000g\000e\000n\000C\000o\000u\000r\000s\000e\000.\000h\000\040\000F\000i\000l\000e\000\040\000R\000e\000f\000e\000r\000e\000n\000c\000e}{chapter.4}
\BOOKMARK [2][-]{subsection.4.2.1}{\376\377\000D\000e\000t\000a\000i\000l\000e\000d\000\040\000D\000e\000s\000c\000r\000i\000p\000t\000i\000o\000n}{section.4.2}
\BOOKMARK [2][-]{subsection.4.2.2}{\376\377\000F\000u\000n\000c\000t\000i\000o\000n\000\040\000D\000o\000c\000u\000m\000e\000n\000t\000a\000t\000i\000o\000n}{section.4.2}
\BOOKMARK [3][-]{subsubsection.4.2.2.1}{\376\377\000a\000l\000l\000o\000c\000a\000t\000e\000C\000o\000u\000r\000s\000e\000s}{subsection.4.2.2}
\BOOKMARK [3][-]{subsubsection.4.2.2.2}{\376\377\000f\000l\000o\000a\000t\000C\000o\000u\000r\000s\000e\000s}{subsection.4.2.2}
\BOOKMARK [1][-]{section.4.3}{\376\377\000g\000e\000n\000e\000r\000a\000t\000o\000r\000.\000h\000\040\000F\000i\000l\000e\000\040\000R\000e\000f\000e\000r\000e\000n\000c\000e}{chapter.4}
\BOOKMARK [2][-]{subsection.4.3.1}{\376\377\000D\000e\000t\000a\000i\000l\000e\000d\000\040\000D\000e\000s\000c\000r\000i\000p\000t\000i\000o\000n}{section.4.3}
\BOOKMARK [2][-]{subsection.4.3.2}{\376\377\000F\000u\000n\000c\000t\000i\000o\000n\000\040\000D\000o\000c\000u\000m\000e\000n\000t\000a\000t\000i\000o\000n}{section.4.3}
\BOOKMARK [3][-]{subsubsection.4.3.2.1}{\376\377\000g\000e\000n\000e\000r\000a\000t\000e\000C\000o\000u\000r\000s\000e\000s}{subsection.4.3.2}
\BOOKMARK [3][-]{subsubsection.4.3.2.2}{\376\377\000g\000e\000n\000e\000r\000a\000t\000e\000F\000a\000c\000u\000l\000t\000y}{subsection.4.3.2}
\BOOKMARK [3][-]{subsubsection.4.3.2.3}{\376\377\000g\000e\000n\000e\000r\000a\000t\000e\000S\000t\000u\000d\000e\000n\000t\000s}{subsection.4.3.2}
\BOOKMARK [3][-]{subsubsection.4.3.2.4}{\376\377\000g\000e\000n\000F\000e\000n}{subsection.4.3.2}
\BOOKMARK [3][-]{subsubsection.4.3.2.5}{\376\377\000r\000e\000a\000d\000p\000p}{subsection.4.3.2}
\BOOKMARK [1][-]{section.4.4}{\376\377\000g\000e\000n\000f\000a\000c\000.\000h\000\040\000F\000i\000l\000e\000\040\000R\000e\000f\000e\000r\000e\000n\000c\000e}{chapter.4}
\BOOKMARK [2][-]{subsection.4.4.1}{\376\377\000D\000e\000t\000a\000i\000l\000e\000d\000\040\000D\000e\000s\000c\000r\000i\000p\000t\000i\000o\000n}{section.4.4}
\BOOKMARK [2][-]{subsection.4.4.2}{\376\377\000F\000u\000n\000c\000t\000i\000o\000n\000\040\000D\000o\000c\000u\000m\000e\000n\000t\000a\000t\000i\000o\000n}{section.4.4}
\BOOKMARK [3][-]{subsubsection.4.4.2.1}{\376\377\000g\000e\000n\000f\000a\000c\000o\000f\0001\000d\000e\000p\000t}{subsection.4.4.2}
\BOOKMARK [3][-]{subsubsection.4.4.2.2}{\376\377\000r\000a\000n\000d\000o\000m\000i\000n\000t\000e\000r\000e\000s\000t\000\137\000f\000a\000c}{subsection.4.4.2}
\BOOKMARK [1][-]{section.4.5}{\376\377\000g\000e\000n\000F\000r\000i\000e\000n\000d\000.\000h\000\040\000F\000i\000l\000e\000\040\000R\000e\000f\000e\000r\000e\000n\000c\000e}{chapter.4}
\BOOKMARK [2][-]{subsection.4.5.1}{\376\377\000D\000e\000t\000a\000i\000l\000e\000d\000\040\000D\000e\000s\000c\000r\000i\000p\000t\000i\000o\000n}{section.4.5}
\BOOKMARK [2][-]{subsection.4.5.2}{\376\377\000F\000u\000n\000c\000t\000i\000o\000n\000\040\000D\000o\000c\000u\000m\000e\000n\000t\000a\000t\000i\000o\000n}{section.4.5}
\BOOKMARK [3][-]{subsubsection.4.5.2.1}{\376\377\000g\000e\000n\000F\000r\000i\000e\000n\000d\000s}{subsection.4.5.2}
\BOOKMARK [1][-]{section.4.6}{\376\377\000g\000e\000n\000s\000t\000u\000d\000e\000n\000t\000.\000h\000\040\000F\000i\000l\000e\000\040\000R\000e\000f\000e\000r\000e\000n\000c\000e}{chapter.4}
\BOOKMARK [2][-]{subsection.4.6.1}{\376\377\000D\000e\000t\000a\000i\000l\000e\000d\000\040\000D\000e\000s\000c\000r\000i\000p\000t\000i\000o\000n}{section.4.6}
\BOOKMARK [2][-]{subsection.4.6.2}{\376\377\000F\000u\000n\000c\000t\000i\000o\000n\000\040\000D\000o\000c\000u\000m\000e\000n\000t\000a\000t\000i\000o\000n}{section.4.6}
\BOOKMARK [3][-]{subsubsection.4.6.2.1}{\376\377\000g\000e\000n\000s\000t\000u\000o\000f\0001\000d\000e\000p\000t}{subsection.4.6.2}
\BOOKMARK [3][-]{subsubsection.4.6.2.2}{\376\377\000i\000n\000c\000r\000e\000a\000s\000e\000\137\000y\000e\000a\000r}{subsection.4.6.2}
\BOOKMARK [3][-]{subsubsection.4.6.2.3}{\376\377\000k\000i\000l\000l}{subsection.4.6.2}
\BOOKMARK [3][-]{subsubsection.4.6.2.4}{\376\377\000k\000i\000l\000l\000\137\000a\000l\000l}{subsection.4.6.2}
\BOOKMARK [3][-]{subsubsection.4.6.2.5}{\376\377\000r\000a\000n\000d\000o\000m\000i\000n\000t\000e\000r\000e\000s\000t\000\137\000s\000t}{subsection.4.6.2}
\BOOKMARK [1][-]{section.4.7}{\376\377\000g\000l\000o\000b\000a\000l\0001\000.\000h\000\040\000F\000i\000l\000e\000\040\000R\000e\000f\000e\000r\000e\000n\000c\000e}{chapter.4}
\BOOKMARK [2][-]{subsection.4.7.1}{\376\377\000D\000e\000t\000a\000i\000l\000e\000d\000\040\000D\000e\000s\000c\000r\000i\000p\000t\000i\000o\000n}{section.4.7}
\BOOKMARK [2][-]{subsection.4.7.2}{\376\377\000V\000a\000r\000i\000a\000b\000l\000e\000\040\000D\000o\000c\000u\000m\000e\000n\000t\000a\000t\000i\000o\000n}{section.4.7}
\BOOKMARK [3][-]{subsubsection.4.7.2.1}{\376\377\000a\000l\000l\000i\000n\000t\000e\000r\000e\000s\000t}{subsection.4.7.2}
\BOOKMARK [3][-]{subsubsection.4.7.2.2}{\376\377\000a\000l\000l\000s\000t\000u\000d\000e\000n\000t\000s}{subsection.4.7.2}
\BOOKMARK [3][-]{subsubsection.4.7.2.3}{\376\377\000e\000n\000t\000r\000y\000n\000o}{subsection.4.7.2}
\BOOKMARK [3][-]{subsubsection.4.7.2.4}{\376\377\000f\000a\000c\000C\000o\000n\000d}{subsection.4.7.2}
\BOOKMARK [3][-]{subsubsection.4.7.2.5}{\376\377\000f\000a\000c\000M\000u\000t\000e\000x}{subsection.4.7.2}
\BOOKMARK [3][-]{subsubsection.4.7.2.6}{\376\377\000f\000a\000c\000R\000A\000N\000D\000O\000M}{subsection.4.7.2}
\BOOKMARK [3][-]{subsubsection.4.7.2.7}{\376\377\000g\000e\000n\000t\000o\000t\000i\000m\000e}{subsection.4.7.2}
\BOOKMARK [3][-]{subsubsection.4.7.2.8}{\376\377\000p\000r\000o\000f\000\137\000n\000a\000m\000e}{subsection.4.7.2}
\BOOKMARK [3][-]{subsubsection.4.7.2.9}{\376\377\000r\000u\000n\000T\000h\000d\000S\000t\000u\000d}{subsection.4.7.2}
\BOOKMARK [3][-]{subsubsection.4.7.2.10}{\376\377\000s\000t\000u\000d\000\137\000n\000a\000m\000e}{subsection.4.7.2}
\BOOKMARK [1][-]{section.4.8}{\376\377\000g\000r\000a\000p\000h\000m\000l\000.\000h\000\040\000F\000i\000l\000e\000\040\000R\000e\000f\000e\000r\000e\000n\000c\000e}{chapter.4}
\BOOKMARK [2][-]{subsection.4.8.1}{\376\377\000D\000e\000t\000a\000i\000l\000e\000d\000\040\000D\000e\000s\000c\000r\000i\000p\000t\000i\000o\000n}{section.4.8}
\BOOKMARK [2][-]{subsection.4.8.2}{\376\377\000F\000u\000n\000c\000t\000i\000o\000n\000\040\000D\000o\000c\000u\000m\000e\000n\000t\000a\000t\000i\000o\000n}{section.4.8}
\BOOKMARK [3][-]{subsubsection.4.8.2.1}{\376\377\000g\000r\000a\000p\000h\000c\000o\000n\000v\000e\000r\000t\000e\000r}{subsection.4.8.2}
\BOOKMARK [1][-]{section.4.9}{\376\377\000m\000a\000i\000n\000\137\0002\000.\000h\000\040\000F\000i\000l\000e\000\040\000R\000e\000f\000e\000r\000e\000n\000c\000e}{chapter.4}
\BOOKMARK [2][-]{subsection.4.9.1}{\376\377\000D\000e\000t\000a\000i\000l\000e\000d\000\040\000D\000e\000s\000c\000r\000i\000p\000t\000i\000o\000n}{section.4.9}
\BOOKMARK [2][-]{subsection.4.9.2}{\376\377\000F\000u\000n\000c\000t\000i\000o\000n\000\040\000D\000o\000c\000u\000m\000e\000n\000t\000a\000t\000i\000o\000n}{section.4.9}
\BOOKMARK [3][-]{subsubsection.4.9.2.1}{\376\377\000s\000e\000t\000E\000n\000v\000i\000r\000o}{subsection.4.9.2}
\BOOKMARK [1][-]{section.4.10}{\376\377\000m\000e\000s\000s\000a\000g\000e\000\137\000t\000e\000m\000p\000.\000h\000\040\000F\000i\000l\000e\000\040\000R\000e\000f\000e\000r\000e\000n\000c\000e}{chapter.4}
\BOOKMARK [2][-]{subsection.4.10.1}{\376\377\000D\000e\000t\000a\000i\000l\000e\000d\000\040\000D\000e\000s\000c\000r\000i\000p\000t\000i\000o\000n}{section.4.10}
\BOOKMARK [2][-]{subsection.4.10.2}{\376\377\000F\000u\000n\000c\000t\000i\000o\000n\000\040\000D\000o\000c\000u\000m\000e\000n\000t\000a\000t\000i\000o\000n}{section.4.10}
\BOOKMARK [3][-]{subsubsection.4.10.2.1}{\376\377\000o\000p\000e\000n\000\137\000q\000u\000e\000u\000e}{subsection.4.10.2}
\BOOKMARK [3][-]{subsubsection.4.10.2.2}{\376\377\000r\000e\000c\000\137\000m\000s\000g}{subsection.4.10.2}
\BOOKMARK [3][-]{subsubsection.4.10.2.3}{\376\377\000s\000e\000n\000d\000\137\000m\000s\000g}{subsection.4.10.2}
\BOOKMARK [1][-]{section.4.11}{\376\377\000S\000e\000m\000a\000p\000h\000o\000r\000e\000.\000h\000\040\000F\000i\000l\000e\000\040\000R\000e\000f\000e\000r\000e\000n\000c\000e}{chapter.4}
\BOOKMARK [2][-]{subsection.4.11.1}{\376\377\000D\000e\000t\000a\000i\000l\000e\000d\000\040\000D\000e\000s\000c\000r\000i\000p\000t\000i\000o\000n}{section.4.11}
\BOOKMARK [2][-]{subsection.4.11.2}{\376\377\000F\000u\000n\000c\000t\000i\000o\000n\000\040\000D\000o\000c\000u\000m\000e\000n\000t\000a\000t\000i\000o\000n}{section.4.11}
\BOOKMARK [3][-]{subsubsection.4.11.2.1}{\376\377\000g\000e\000t\000S\000e\000m}{subsection.4.11.2}
\BOOKMARK [3][-]{subsubsection.4.11.2.2}{\376\377\000o\000p\000e\000n\000\137\000s\000e\000m}{subsection.4.11.2}
\BOOKMARK [3][-]{subsubsection.4.11.2.3}{\376\377\000r\000e\000l\000S\000e\000m}{subsection.4.11.2}
